This is pdfTeX, Version 3.14159265-2.6-1.40.18 (MiKTeX 2.9.6350 64-bit) (preloaded format=pdflatex 2017.10.16)  27 FEB 2018 14:40
entering extended mode
**./root.tex
(root.tex
LaTeX2e <2017-04-15>
Babel <3.10> and hyphenation patterns for 75 language(s) loaded.
(ieeeconf.cls
Document Class: ieeeconf 2016/4/23 revision V1.6b by Pradeep Misra
\@IEEEtrantmpdimenA=\dimen102
\@IEEEtrantmpdimenB=\dimen103
\@IEEEtrantmpcountA=\count79
\@IEEEtrantmpcountB=\count80
\@IEEEtrantmptoksA=\toks14
LaTeX Font Info:    Try loading font information for OT1+ptm on input line 794.

("C:\Users\ls769\AppData\Local\Programs\MiKTeX 2.9\tex\latex\psnfss\ot1ptm.fd"
File: ot1ptm.fd 2001/06/04 font definitions for OT1/ptm.
)
\@IEEEnormalsizefontbaselineskip=\skip41
-- This is a 10 point document.
\normalsizebaselineskip=\skip42
\normaljot=\skip43
LaTeX Font Info:    Font shape `OT1/ptm/bx/n' in size <5> not available
(Font)              Font shape `OT1/ptm/b/n' tried instead on input line 1113.
LaTeX Font Info:    Font shape `OT1/ptm/bx/it' in size <5> not available
(Font)              Font shape `OT1/ptm/b/it' tried instead on input line 1113.

LaTeX Font Info:    Font shape `OT1/ptm/bx/n' in size <7> not available
(Font)              Font shape `OT1/ptm/b/n' tried instead on input line 1113.
LaTeX Font Info:    Font shape `OT1/ptm/bx/it' in size <7> not available
(Font)              Font shape `OT1/ptm/b/it' tried instead on input line 1113.

LaTeX Font Info:    Font shape `OT1/ptm/bx/n' in size <8> not available
(Font)              Font shape `OT1/ptm/b/n' tried instead on input line 1113.
LaTeX Font Info:    Font shape `OT1/ptm/bx/it' in size <8> not available
(Font)              Font shape `OT1/ptm/b/it' tried instead on input line 1113.

LaTeX Font Info:    Font shape `OT1/ptm/bx/n' in size <9> not available
(Font)              Font shape `OT1/ptm/b/n' tried instead on input line 1113.
LaTeX Font Info:    Font shape `OT1/ptm/bx/it' in size <9> not available
(Font)              Font shape `OT1/ptm/b/it' tried instead on input line 1113.

LaTeX Font Info:    Font shape `OT1/ptm/bx/n' in size <10> not available
(Font)              Font shape `OT1/ptm/b/n' tried instead on input line 1113.
LaTeX Font Info:    Font shape `OT1/ptm/bx/it' in size <10> not available
(Font)              Font shape `OT1/ptm/b/it' tried instead on input line 1113.

LaTeX Font Info:    Font shape `OT1/ptm/bx/n' in size <11> not available
(Font)              Font shape `OT1/ptm/b/n' tried instead on input line 1113.
LaTeX Font Info:    Font shape `OT1/ptm/bx/it' in size <11> not available
(Font)              Font shape `OT1/ptm/b/it' tried instead on input line 1113.

LaTeX Font Info:    Font shape `OT1/ptm/bx/n' in size <12> not available
(Font)              Font shape `OT1/ptm/b/n' tried instead on input line 1113.
LaTeX Font Info:    Font shape `OT1/ptm/bx/it' in size <12> not available
(Font)              Font shape `OT1/ptm/b/it' tried instead on input line 1113.

LaTeX Font Info:    Font shape `OT1/ptm/bx/n' in size <16> not available
(Font)              Font shape `OT1/ptm/b/n' tried instead on input line 1113.
LaTeX Font Info:    Font shape `OT1/ptm/bx/it' in size <16> not available
(Font)              Font shape `OT1/ptm/b/it' tried instead on input line 1113.

LaTeX Font Info:    Font shape `OT1/ptm/bx/n' in size <20> not available
(Font)              Font shape `OT1/ptm/b/n' tried instead on input line 1113.
LaTeX Font Info:    Font shape `OT1/ptm/bx/it' in size <20> not available
(Font)              Font shape `OT1/ptm/b/it' tried instead on input line 1113.

LaTeX Font Info:    Font shape `OT1/ptm/bx/n' in size <24> not available
(Font)              Font shape `OT1/ptm/b/n' tried instead on input line 1113.
LaTeX Font Info:    Font shape `OT1/ptm/bx/it' in size <24> not available
(Font)              Font shape `OT1/ptm/b/it' tried instead on input line 1113.

\IEEEilabelindentA=\dimen104
\IEEEilabelindentB=\dimen105
\IEEEilabelindent=\dimen106
\IEEEelabelindent=\dimen107
\IEEEdlabelindent=\dimen108
\labelindent=\dimen109
\IEEEiednormlabelsep=\dimen110
\IEEEiedmathlabelsep=\dimen111
\IEEEiedtopsep=\skip44
\c@section=\count81
\c@subsection=\count82
\c@subsubsection=\count83
\c@paragraph=\count84
\c@IEEEsubequation=\count85
\abovecaptionskip=\skip45
\belowcaptionskip=\skip46
\c@figure=\count86
\c@table=\count87
\@IEEEeqnnumcols=\count88
\@IEEEeqncolcnt=\count89
\@IEEEtmpitemindent=\dimen112
\c@biography=\count90
\@IEEEtranrubishbin=\box26
)
** ATTENTION: Overriding command lockouts (line 9).
** ATTENTION: Overriding IEEE standard margins (line 12).
("C:\Users\ls769\AppData\Local\Programs\MiKTeX 2.9\tex\latex\cite\cite.sty"
LaTeX Info: Redefining \cite on input line 302.
LaTeX Info: Redefining \nocite on input line 332.
Package: cite 2015/02/27  v 5.5
)
("C:\Users\ls769\AppData\Local\Programs\MiKTeX 2.9\tex\latex\graphics\graphicx.
sty"
Package: graphicx 2014/10/28 v1.0g Enhanced LaTeX Graphics (DPC,SPQR)

("C:\Users\ls769\AppData\Local\Programs\MiKTeX 2.9\tex\latex\graphics\keyval.st
y"
Package: keyval 2014/10/28 v1.15 key=value parser (DPC)
\KV@toks@=\toks15
)
("C:\Users\ls769\AppData\Local\Programs\MiKTeX 2.9\tex\latex\graphics\graphics.
sty"
Package: graphics 2017/04/14 v1.1b Standard LaTeX Graphics (DPC,SPQR)

("C:\Users\ls769\AppData\Local\Programs\MiKTeX 2.9\tex\latex\graphics\trig.sty"
Package: trig 2016/01/03 v1.10 sin cos tan (DPC)
)
("C:\Users\ls769\AppData\Local\Programs\MiKTeX 2.9\tex\latex\graphics-cfg\graph
ics.cfg"
File: graphics.cfg 2016/06/04 v1.11 sample graphics configuration
)
Package graphics Info: Driver file: pdftex.def on input line 99.

("C:\Users\ls769\AppData\Local\Programs\MiKTeX 2.9\tex\latex\graphics-def\pdfte
x.def"
File: pdftex.def 2017/01/12 v0.06k Graphics/color for pdfTeX

("C:\Users\ls769\AppData\Local\Programs\MiKTeX 2.9\tex\generic\oberdiek\infware
rr.sty"
Package: infwarerr 2016/05/16 v1.4 Providing info/warning/error messages (HO)
)
("C:\Users\ls769\AppData\Local\Programs\MiKTeX 2.9\tex\generic\oberdiek\ltxcmds
.sty"
Package: ltxcmds 2016/05/16 v1.23 LaTeX kernel commands for general use (HO)
)
\Gread@gobject=\count91
))
\Gin@req@height=\dimen113
\Gin@req@width=\dimen114
)
("C:\Users\ls769\AppData\Local\Programs\MiKTeX 2.9\tex\latex\tools\array.sty"
Package: array 2016/10/06 v2.4d Tabular extension package (FMi)
\col@sep=\dimen115
\extrarowheight=\dimen116
\NC@list=\toks16
\extratabsurround=\skip47
\backup@length=\skip48
)
("C:\Users\ls769\AppData\Local\Programs\MiKTeX 2.9\tex\latex\float\float.sty"
Package: float 2001/11/08 v1.3d Float enhancements (AL)
\c@float@type=\count92
\float@exts=\toks17
\float@box=\box27
\@float@everytoks=\toks18
\@floatcapt=\box28
)
("C:\Users\ls769\AppData\Local\Programs\MiKTeX 2.9\tex\latex\caption\caption.st
y"
Package: caption 2016/02/21 v3.3-144 Customizing captions (AR)

("C:\Users\ls769\AppData\Local\Programs\MiKTeX 2.9\tex\latex\caption\caption3.s
ty"
Package: caption3 2016/05/22 v1.7-166 caption3 kernel (AR)
Package caption3 Info: TeX engine: e-TeX on input line 67.
\captionmargin=\dimen117
\captionmargin@=\dimen118
\captionwidth=\dimen119
\caption@tempdima=\dimen120
\caption@indent=\dimen121
\caption@parindent=\dimen122
\caption@hangindent=\dimen123
Package caption Info: Unknown document class (or package),
(caption)             standard defaults will be used.
)

Package caption Warning: Unsupported document class (or package) detected,
(caption)                usage of the caption package is not recommended.
See the caption package documentation for explanation.

Package caption Info: \@makecaption = \long macro:#1#2->\ifx \@captype \@IEEEta
blestring \begin {center}{\footnotesize #1}\\{\footnotesize \scshape #2}\end {c
enter}\@IEEEtablecaptionsepspace \else \@IEEEfigurecaptionsepspace \setbox \@te
mpboxa \hbox {\footnotesize #1.~~ #2}\ifdim \wd \@tempboxa >\hsize \setbox \@te
mpboxa \hbox {\footnotesize #1.~~ }\parbox [t]{\hsize }{\footnotesize \noindent
 \unhbox \@tempboxa #2}\else \ifcenterfigcaptions \hbox to\hsize {\footnotesize
 \hfil \box \@tempboxa \hfil }\else \hbox to\hsize {\footnotesize \box \@tempbo
xa \hfil }\fi \fi \fi .
\c@ContinuedFloat=\count93
Package caption Info: float package is loaded.
)
("C:\Users\ls769\AppData\Local\Programs\MiKTeX 2.9\tex\latex\caption\subcaption
.sty"
Package: subcaption 2016/05/22 v1.1-161 Sub-captions (AR)
\c@subfigure=\count94
\c@subtable=\count95
)
("C:\Users\ls769\AppData\Local\Programs\MiKTeX 2.9\tex\latex\booktabs\booktabs.
sty"
Package: booktabs 2005/04/14 v1.61803 publication quality tables
\heavyrulewidth=\dimen124
\lightrulewidth=\dimen125
\cmidrulewidth=\dimen126
\belowrulesep=\dimen127
\belowbottomsep=\dimen128
\aboverulesep=\dimen129
\abovetopsep=\dimen130
\cmidrulesep=\dimen131
\cmidrulekern=\dimen132
\defaultaddspace=\dimen133
\@cmidla=\count96
\@cmidlb=\count97
\@aboverulesep=\dimen134
\@belowrulesep=\dimen135
\@thisruleclass=\count98
\@lastruleclass=\count99
\@thisrulewidth=\dimen136
) ("C:\Users\ls769\AppData\Local\Programs\MiKTeX 2.9\tex\latex\ulem\ulem.sty"
\UL@box=\box29
\UL@hyphenbox=\box30
\UL@skip=\skip49
\UL@hook=\toks19
\UL@height=\dimen137
\UL@pe=\count100
\UL@pixel=\dimen138
\ULC@box=\box31
Package: ulem 2012/05/18
\ULdepth=\dimen139
)
("C:\Users\ls769\AppData\Local\Programs\MiKTeX 2.9\tex\latex\graphics\color.sty
"
Package: color 2016/07/10 v1.1e Standard LaTeX Color (DPC)

("C:\Users\ls769\AppData\Local\Programs\MiKTeX 2.9\tex\latex\graphics-cfg\color
.cfg"
File: color.cfg 2016/01/02 v1.6 sample color configuration
)
Package color Info: Driver file: pdftex.def on input line 147.
)
("C:\Users\ls769\AppData\Local\Programs\MiKTeX 2.9\tex\latex\soul\soul.sty"
Package: soul 2003/11/17 v2.4 letterspacing/underlining (mf)
\SOUL@word=\toks20
\SOUL@lasttoken=\toks21
\SOUL@cmds=\toks22
\SOUL@buffer=\toks23
\SOUL@token=\toks24
\SOUL@spaceskip=\skip50
\SOUL@ttwidth=\dimen140
\SOUL@uldp=\dimen141
\SOUL@ulht=\dimen142
)
("C:\Users\ls769\AppData\Local\Programs\MiKTeX 2.9\tex\latex\amsmath\amsmath.st
y"
Package: amsmath 2016/11/05 v2.16a AMS math features
\@mathmargin=\skip51

For additional information on amsmath, use the `?' option.

("C:\Users\ls769\AppData\Local\Programs\MiKTeX 2.9\tex\latex\amsmath\amstext.st
y"
Package: amstext 2000/06/29 v2.01 AMS text

("C:\Users\ls769\AppData\Local\Programs\MiKTeX 2.9\tex\latex\amsmath\amsgen.sty
"
File: amsgen.sty 1999/11/30 v2.0 generic functions
\@emptytoks=\toks25
\ex@=\dimen143
))
("C:\Users\ls769\AppData\Local\Programs\MiKTeX 2.9\tex\latex\amsmath\amsbsy.sty
"
Package: amsbsy 1999/11/29 v1.2d Bold Symbols
\pmbraise@=\dimen144
)
("C:\Users\ls769\AppData\Local\Programs\MiKTeX 2.9\tex\latex\amsmath\amsopn.sty
"
Package: amsopn 2016/03/08 v2.02 operator names
)
\inf@bad=\count101
LaTeX Info: Redefining \frac on input line 213.
\uproot@=\count102
\leftroot@=\count103
LaTeX Info: Redefining \overline on input line 375.
\classnum@=\count104
\DOTSCASE@=\count105
LaTeX Info: Redefining \ldots on input line 472.
LaTeX Info: Redefining \dots on input line 475.
LaTeX Info: Redefining \cdots on input line 596.
\Mathstrutbox@=\box32
\strutbox@=\box33
\big@size=\dimen145
LaTeX Font Info:    Redeclaring font encoding OML on input line 712.
LaTeX Font Info:    Redeclaring font encoding OMS on input line 713.
\macc@depth=\count106
\c@MaxMatrixCols=\count107
\dotsspace@=\muskip10
\c@parentequation=\count108
\dspbrk@lvl=\count109
\tag@help=\toks26
\row@=\count110
\column@=\count111
\maxfields@=\count112
\andhelp@=\toks27
\eqnshift@=\dimen146
\alignsep@=\dimen147
\tagshift@=\dimen148
\tagwidth@=\dimen149
\totwidth@=\dimen150
\lineht@=\dimen151
\@envbody=\toks28
\multlinegap=\skip52
\multlinetaggap=\skip53
\mathdisplay@stack=\toks29
LaTeX Info: Redefining \[ on input line 2817.
LaTeX Info: Redefining \] on input line 2818.
) ("C:\Users\ls769\AppData\Local\Programs\MiKTeX 2.9\tex\latex\tools\bm.sty"
Package: bm 2017/01/16 v1.2c Bold Symbol Support (DPC/FMi)
\symboldoperators=\mathgroup4
\symboldletters=\mathgroup5
\symboldsymbols=\mathgroup6
LaTeX Font Info:    Redeclaring math alphabet \mathbf on input line 141.
LaTeX Info: Redefining \bm on input line 207.
) (root.aux)
\openout1 = `root.aux'.

LaTeX Font Info:    Checking defaults for OML/cmm/m/it on input line 66.
LaTeX Font Info:    ... okay on input line 66.
LaTeX Font Info:    Checking defaults for T1/cmr/m/n on input line 66.
LaTeX Font Info:    ... okay on input line 66.
LaTeX Font Info:    Checking defaults for OT1/cmr/m/n on input line 66.
LaTeX Font Info:    ... okay on input line 66.
LaTeX Font Info:    Checking defaults for OMS/cmsy/m/n on input line 66.
LaTeX Font Info:    ... okay on input line 66.
LaTeX Font Info:    Checking defaults for OMX/cmex/m/n on input line 66.
LaTeX Font Info:    ... okay on input line 66.
LaTeX Font Info:    Checking defaults for U/cmr/m/n on input line 66.
LaTeX Font Info:    ... okay on input line 66.

("C:\Users\ls769\AppData\Local\Programs\MiKTeX 2.9\tex\context\base\supp-pdf.mk
ii"
[Loading MPS to PDF converter (version 2006.09.02).]
\scratchcounter=\count113
\scratchdimen=\dimen152
\scratchbox=\box34
\nofMPsegments=\count114
\nofMParguments=\count115
\everyMPshowfont=\toks30
\MPscratchCnt=\count116
\MPscratchDim=\dimen153
\MPnumerator=\count117
\makeMPintoPDFobject=\count118
\everyMPtoPDFconversion=\toks31
)
("C:\Users\ls769\AppData\Local\Programs\MiKTeX 2.9\tex\generic\oberdiek\pdftexc
mds.sty"
Package: pdftexcmds 2017/03/19 v0.25 Utility functions of pdfTeX for LuaTeX (HO
)

("C:\Users\ls769\AppData\Local\Programs\MiKTeX 2.9\tex\generic\oberdiek\ifluate
x.sty"
Package: ifluatex 2016/05/16 v1.4 Provides the ifluatex switch (HO)
Package ifluatex Info: LuaTeX not detected.
)
("C:\Users\ls769\AppData\Local\Programs\MiKTeX 2.9\tex\generic\oberdiek\ifpdf.s
ty"
Package: ifpdf 2017/03/15 v3.2 Provides the ifpdf switch
)
Package pdftexcmds Info: LuaTeX not detected.
Package pdftexcmds Info: \pdf@primitive is available.
Package pdftexcmds Info: \pdf@ifprimitive is available.
Package pdftexcmds Info: \pdfdraftmode found.
)
("C:\Users\ls769\AppData\Local\Programs\MiKTeX 2.9\tex\latex\oberdiek\epstopdf-
base.sty"
Package: epstopdf-base 2016/05/15 v2.6 Base part for package epstopdf

("C:\Users\ls769\AppData\Local\Programs\MiKTeX 2.9\tex\latex\oberdiek\grfext.st
y"
Package: grfext 2016/05/16 v1.2 Manage graphics extensions (HO)

("C:\Users\ls769\AppData\Local\Programs\MiKTeX 2.9\tex\generic\oberdiek\kvdefin
ekeys.sty"
Package: kvdefinekeys 2016/05/16 v1.4 Define keys (HO)
))
("C:\Users\ls769\AppData\Local\Programs\MiKTeX 2.9\tex\latex\oberdiek\kvoptions
.sty"
Package: kvoptions 2016/05/16 v3.12 Key value format for package options (HO)

("C:\Users\ls769\AppData\Local\Programs\MiKTeX 2.9\tex\generic\oberdiek\kvsetke
ys.sty"
Package: kvsetkeys 2016/05/16 v1.17 Key value parser (HO)

("C:\Users\ls769\AppData\Local\Programs\MiKTeX 2.9\tex\generic\oberdiek\etexcmd
s.sty"
Package: etexcmds 2016/05/16 v1.6 Avoid name clashes with e-TeX commands (HO)
Package etexcmds Info: Could not find \expanded.
(etexcmds)             That can mean that you are not using pdfTeX 1.50 or
(etexcmds)             that some package has redefined \expanded.
(etexcmds)             In the latter case, load this package earlier.
)))
Package epstopdf-base Info: Redefining graphics rule for `.eps' on input line 4
38.
Package grfext Info: Graphics extension search list:
(grfext)             [.png,.pdf,.jpg,.mps,.jpeg,.jbig2,.jb2,.PNG,.PDF,.JPG,.JPE
G,.JBIG2,.JB2,.eps]
(grfext)             \AppendGraphicsExtensions on input line 456.
)
Package caption Info: Begin \AtBeginDocument code.
Package caption Info: End \AtBeginDocument code.
LaTeX Font Info:    Calculating math sizes for size <11> on input line 70.
Missing character: There is no ¨ in font ptmr7t!
LaTeX Font Info:    Try loading font information for OT1+pcr on input line 70.

("C:\Users\ls769\AppData\Local\Programs\MiKTeX 2.9\tex\latex\psnfss\ot1pcr.fd"
File: ot1pcr.fd 2001/06/04 font definitions for OT1/pcr.
)

LaTeX Warning: No positions in optional float specifier.
               Default added (so using `tbp') on input line 98.

<./figs/conceptual_map.pdf, id=1, 2246.3925pt x 394.47375pt>
File: ./figs/conceptual_map.pdf Graphic file (type pdf)

<use ./figs/conceptual_map.pdf>
Package pdftex.def Info: ./figs/conceptual_map.pdf used on input line 100.
(pdftex.def)             Requested size: 242.82503pt x 42.63985pt.
 [1{C:/Users/ls769/AppData/Local/MiKTeX/2.9/pdftex/config/pdftex.map}


 <./figs/conceptual_map.pdf>]

LaTeX Warning: No positions in optional float specifier.
               Default added (so using `tbp') on input line 114.

<./figs/clustering_process.pdf, id=19, 812.03375pt x 449.68pt>
File: ./figs/clustering_process.pdf Graphic file (type pdf)

<use ./figs/clustering_process.pdf>
Package pdftex.def Info: ./figs/clustering_process.pdf used on input line 116.
(pdftex.def)             Requested size: 227.64894pt x 126.06049pt.


LaTeX Warning: No positions in optional float specifier.
               Default added (so using `tbp') on input line 136.

<./figs/CySkin.jpg, id=20, 475.7775pt x 311.1625pt>
File: ./figs/CySkin.jpg Graphic file (type jpg)
 <use ./figs/CySkin.jpg>
Package pdftex.def Info: ./figs/CySkin.jpg used on input line 139.
(pdftex.def)             Requested size: 136.59245pt x 89.3327pt.

<./figs/skin_sensor.pdf, id=21, 541.02126pt x 530.98375pt>
File: ./figs/skin_sensor.pdf Graphic file (type pdf)

<use ./figs/skin_sensor.pdf>
Package pdftex.def Info: ./figs/skin_sensor.pdf used on input line 145.
(pdftex.def)             Requested size: 91.05649pt x 89.3667pt.
 [2 <./figs/clustering_process.pdf> <./figs/CySkin.jpg> <./figs/skin_sensor.pdf
>]

LaTeX Warning: No positions in optional float specifier.
               Default added (so using `tbp') on input line 172.

<./figs/set_up.pdf, id=88, 4697.55pt x 3372.6pt>
File: ./figs/set_up.pdf Graphic file (type pdf)
 <use ./figs/set_up.pdf>
Package pdftex.def Info: ./figs/set_up.pdf used on input line 175.
(pdftex.def)             Requested size: 227.64894pt x 163.3908pt.


LaTeX Warning: No positions in optional float specifier.
               Default added (so using `tbp') on input line 189.

<./figs/TaskTable.pdf, id=89, 720.6925pt x 876.27374pt>
File: ./figs/TaskTable.pdf Graphic file (type pdf)

<use ./figs/TaskTable.pdf>
Package pdftex.def Info: ./figs/TaskTable.pdf used on input line 191.
(pdftex.def)             Requested size: 182.1207pt x 221.43452pt.

Underfull \hbox (badness 10000) in paragraph at lines 195--195
[][][]\OT1/ptm/m/n/8 http://www.robotshop.com/uk/st-robotics-r12-5-axis-articul
ated-robot-
 []


LaTeX Warning: No positions in optional float specifier.
               Default added (so using `tbp') on input line 198.

<./figs/blank_label.jpg, id=90, 111.41624pt x 571.13374pt>
File: ./figs/blank_label.jpg Graphic file (type jpg)

<use ./figs/blank_label.jpg>
Package pdftex.def Info: ./figs/blank_label.jpg used on input line 202.
(pdftex.def)             Requested size: 9.4079pt x 48.21892pt.

<./figs/objects.pdf, id=91, 1261.71375pt x 316.18124pt>
File: ./figs/objects.pdf Graphic file (type pdf)

<use ./figs/objects.pdf>
Package pdftex.def Info: ./figs/objects.pdf used on input line 205.
(pdftex.def)             Requested size: 230.53123pt x 57.76892pt.

Overfull \hbox (7.0021pt too wide) in paragraph at lines 201--207
[][] [] 
 []

<./figs/3mil_label.jpg, id=92, 111.41624pt x 571.13374pt>
File: ./figs/3mil_label.jpg Graphic file (type jpg)

<use ./figs/3mil_label.jpg>
Package pdftex.def Info: ./figs/3mil_label.jpg used on input line 211.
(pdftex.def)             Requested size: 9.71136pt x 49.77887pt.

<./figs/3mil_Sphere.pdf, id=93, 865.2325pt x 871.255pt>
File: ./figs/3mil_Sphere.pdf Graphic file (type pdf)

<use ./figs/3mil_Sphere.pdf>
Package pdftex.def Info: ./figs/3mil_Sphere.pdf used on input line 214.
(pdftex.def)             Requested size: 55.84871pt x 56.23473pt.

<./figs/3mil_Cube.pdf, id=94, 867.24pt x 871.255pt>
File: ./figs/3mil_Cube.pdf Graphic file (type pdf)
 <use ./figs/3mil_Cube.pdf>
Package pdftex.def Info: ./figs/3mil_Cube.pdf used on input line 218.
(pdftex.def)             Requested size: 55.84871pt x 56.10179pt.

<./figs/3mil_HSphere.pdf, id=95, 869.2475pt x 869.2475pt>
File: ./figs/3mil_HSphere.pdf Graphic file (type pdf)

<use ./figs/3mil_HSphere.pdf>
Package pdftex.def Info: ./figs/3mil_HSphere.pdf used on input line 221.
(pdftex.def)             Requested size: 55.84871pt x 55.83989pt.

<./figs/3mil_HCube.pdf, id=96, 867.24pt x 869.2475pt>
File: ./figs/3mil_HCube.pdf Graphic file (type pdf)

<use ./figs/3mil_HCube.pdf>
Package pdftex.def Info: ./figs/3mil_HCube.pdf used on input line 224.
(pdftex.def)             Requested size: 55.84871pt x 55.97252pt.

Underfull \hbox (badness 10000) in paragraph at lines 210--226

 []

<./figs/6mil_label.jpg, id=97, 111.41624pt x 571.13374pt>
File: ./figs/6mil_label.jpg Graphic file (type jpg)

<use ./figs/6mil_label.jpg>
Package pdftex.def Info: ./figs/6mil_label.jpg used on input line 230.
(pdftex.def)             Requested size: 9.71136pt x 49.77887pt.

<./figs/6mil_Sphere.pdf, id=98, 865.2325pt x 873.2625pt>
File: ./figs/6mil_Sphere.pdf Graphic file (type pdf)

<use ./figs/6mil_Sphere.pdf>
Package pdftex.def Info: ./figs/6mil_Sphere.pdf used on input line 233.
(pdftex.def)             Requested size: 55.84871pt x 56.3643pt.

<./figs/6mil_Cube.pdf, id=99, 865.2325pt x 871.255pt>
File: ./figs/6mil_Cube.pdf Graphic file (type pdf)

<use ./figs/6mil_Cube.pdf>
Package pdftex.def Info: ./figs/6mil_Cube.pdf used on input line 236.
(pdftex.def)             Requested size: 55.84871pt x 56.23473pt.

<./figs/6mil_HSphere.pdf, id=100, 867.24pt x 871.255pt>
File: ./figs/6mil_HSphere.pdf Graphic file (type pdf)

<use ./figs/6mil_HSphere.pdf>
Package pdftex.def Info: ./figs/6mil_HSphere.pdf used on input line 239.
(pdftex.def)             Requested size: 55.84871pt x 56.10179pt.

<./figs/6mil_HCube.pdf, id=101, 869.2475pt x 869.2475pt>
File: ./figs/6mil_HCube.pdf Graphic file (type pdf)

<use ./figs/6mil_HCube.pdf>
Package pdftex.def Info: ./figs/6mil_HCube.pdf used on input line 242.
(pdftex.def)             Requested size: 55.84871pt x 55.83989pt.

Underfull \hbox (badness 10000) in paragraph at lines 229--244

 []

<./figs/10mil_label.jpg, id=102, 111.41624pt x 571.13374pt>
File: ./figs/10mil_label.jpg Graphic file (type jpg)

<use ./figs/10mil_label.jpg>
Package pdftex.def Info: ./figs/10mil_label.jpg used on input line 248.
(pdftex.def)             Requested size: 9.71136pt x 49.77887pt.

<./figs/10mil_Sphere.pdf, id=103, 647.41875pt x 654.94687pt>
File: ./figs/10mil_Sphere.pdf Graphic file (type pdf)

<use ./figs/10mil_Sphere.pdf>
Package pdftex.def Info: ./figs/10mil_Sphere.pdf used on input line 251.
(pdftex.def)             Requested size: 55.84871pt x 56.49422pt.

<./figs/10mil_Cube.pdf, id=104, 869.2475pt x 875.27pt>
File: ./figs/10mil_Cube.pdf Graphic file (type pdf)

<use ./figs/10mil_Cube.pdf>
Package pdftex.def Info: ./figs/10mil_Cube.pdf used on input line 254.
(pdftex.def)             Requested size: 55.84871pt x 56.22676pt.

<./figs/10mil_HSphere.pdf, id=105, 867.24pt x 875.27pt>
File: ./figs/10mil_HSphere.pdf Graphic file (type pdf)

<use ./figs/10mil_HSphere.pdf>
Package pdftex.def Info: ./figs/10mil_HSphere.pdf used on input line 257.
(pdftex.def)             Requested size: 55.84871pt x 56.36032pt.

<./figs/10mil_HCube.pdf, id=106, 867.24pt x 875.27pt>
File: ./figs/10mil_HCube.pdf Graphic file (type pdf)

<use ./figs/10mil_HCube.pdf>
Package pdftex.def Info: ./figs/10mil_HCube.pdf used on input line 260.
(pdftex.def)             Requested size: 55.84871pt x 56.36032pt.


LaTeX Warning: No positions in optional float specifier.
               Default added (so using `tbp') on input line 268.

<./figs/cluster_matching.pdf, id=107, 501.875pt x 245.91875pt>
File: ./figs/cluster_matching.pdf Graphic file (type pdf)

<use ./figs/cluster_matching.pdf>
Package pdftex.def Info: ./figs/cluster_matching.pdf used on input line 270.
(pdftex.def)             Requested size: 227.64894pt x 111.54797pt.

Underfull \vbox (badness 10000) has occurred while \output is active []

 [3 <./figs/set_up.pdf> <./figs/TaskTable.pdf>]
Underfull \vbox (badness 5490) has occurred while \output is active []



LaTeX Warning: No positions in optional float specifier.
               Default added (so using `tbp') on input line 290.

<./figs/conf_results.pdf, id=122, 1085.05376pt x 597.23125pt>
File: ./figs/conf_results.pdf Graphic file (type pdf)

<use ./figs/conf_results.pdf>
Package pdftex.def Info: ./figs/conf_results.pdf used on input line 292.
(pdftex.def)             Requested size: 227.64894pt x 125.29468pt.

<./figs/plt_3mm.pdf, id=123, 1413.28pt x 855.195pt>
File: ./figs/plt_3mm.pdf Graphic file (type pdf)
 <use ./figs/plt_3mm.pdf>
Package pdftex.def Info: ./figs/plt_3mm.pdf used on input line 303.
(pdftex.def)             Requested size: 202.3529pt x 122.44072pt.

<./figs/plt_6mm.pdf, id=124, 1487.5575pt x 893.3375pt>
File: ./figs/plt_6mm.pdf Graphic file (type pdf)

<use ./figs/plt_6mm.pdf>
Package pdftex.def Info: ./figs/plt_6mm.pdf used on input line 308.
(pdftex.def)             Requested size: 205.89604pt x 123.64874pt.
 <./figs/plt_1cm.pdf, id=125, 1212.53pt x 742.775pt>
File: ./figs/plt_1cm.pdf Graphic file (type pdf)

<use ./figs/plt_1cm.pdf>
Package pdftex.def Info: ./figs/plt_1cm.pdf used on input line 313.
(pdftex.def)             Requested size: 202.3529pt x 123.95798pt.
 [4 <./figs/blank_label.jpg> <./figs/objects.pdf> <./figs/3mil_label.jpg> <./fi
gs/3mil_Sphere.pdf

pdfTeX warning: pdflatex.exe (file ./figs/3mil_Sphere.pdf): PDF inclusion: mult
iple pdfs with page group included in a single page
> <./figs/3mil_Cube.pdf

pdfTeX warning: pdflatex.exe (file ./figs/3mil_Cube.pdf): PDF inclusion: multip
le pdfs with page group included in a single page
> <./figs/3mil_HSphere.pdf

pdfTeX warning: pdflatex.exe (file ./figs/3mil_HSphere.pdf): PDF inclusion: mul
tiple pdfs with page group included in a single page
> <./figs/3mil_HCube.pdf

pdfTeX warning: pdflatex.exe (file ./figs/3mil_HCube.pdf): PDF inclusion: multi
ple pdfs with page group included in a single page
> <./figs/6mil_label.jpg> <./figs/6mil_Sphere.pdf

pdfTeX warning: pdflatex.exe (file ./figs/6mil_Sphere.pdf): PDF inclusion: mult
iple pdfs with page group included in a single page
> <./figs/6mil_Cube.pdf

pdfTeX warning: pdflatex.exe (file ./figs/6mil_Cube.pdf): PDF inclusion: multip
le pdfs with page group included in a single page
> <./figs/6mil_HSphere.pdf

pdfTeX warning: pdflatex.exe (file ./figs/6mil_HSphere.pdf): PDF inclusion: mul
tiple pdfs with page group included in a single page
> <./figs/6mil_HCube.pdf

pdfTeX warning: pdflatex.exe (file ./figs/6mil_HCube.pdf): PDF inclusion: multi
ple pdfs with page group included in a single page
> <./figs/10mil_label.jpg> <./figs/10mil_Sphere.pdf

pdfTeX warning: pdflatex.exe (file ./figs/10mil_Sphere.pdf): PDF inclusion: mul
tiple pdfs with page group included in a single page
> <./figs/10mil_Cube.pdf

pdfTeX warning: pdflatex.exe (file ./figs/10mil_Cube.pdf): PDF inclusion: multi
ple pdfs with page group included in a single page
> <./figs/10mil_HSphere.pdf

pdfTeX warning: pdflatex.exe (file ./figs/10mil_HSphere.pdf): PDF inclusion: mu
ltiple pdfs with page group included in a single page
> <./figs/10mil_HCube.pdf

pdfTeX warning: pdflatex.exe (file ./figs/10mil_HCube.pdf): PDF inclusion: mult
iple pdfs with page group included in a single page
> <./figs/cluster_matching.pdf> <./figs/conf_results.pdf>]

LaTeX Warning: No positions in optional float specifier.
               Default added (so using `tbp') on input line 325.

<./figs/Task5_accuracy_map.pdf, id=262, 1244.65pt x 923.45pt>
File: ./figs/Task5_accuracy_map.pdf Graphic file (type pdf)

<use ./figs/Task5_accuracy_map.pdf>
Package pdftex.def Info: ./figs/Task5_accuracy_map.pdf used on input line 328.
(pdftex.def)             Requested size: 227.64894pt x 168.89105pt.

<./figs/Task6_accuracy_map.pdf, id=263, 1240.635pt x 923.45pt>
File: ./figs/Task6_accuracy_map.pdf Graphic file (type pdf)

<use ./figs/Task6_accuracy_map.pdf>
Package pdftex.def Info: ./figs/Task6_accuracy_map.pdf used on input line 333.
(pdftex.def)             Requested size: 227.64894pt x 169.4406pt.

Underfull \vbox (badness 10000) has occurred while \output is active []

 [5 <./figs/plt_3mm.pdf> <./figs/plt_6mm.pdf

pdfTeX warning: pdflatex.exe (file ./figs/plt_6mm.pdf): PDF inclusion: multiple
 pdfs with page group included in a single page
> <./figs/plt_1cm.pdf

pdfTeX warning: pdflatex.exe (file ./figs/plt_1cm.pdf): PDF inclusion: multiple
 pdfs with page group included in a single page
> <./figs/Task5_accuracy_map.pdf

pdfTeX warning: pdflatex.exe (file ./figs/Task5_accuracy_map.pdf): PDF inclusio
n: multiple pdfs with page group included in a single page
> <./figs/Task6_accuracy_map.pdf

pdfTeX warning: pdflatex.exe (file ./figs/Task6_accuracy_map.pdf): PDF inclusio
n: multiple pdfs with page group included in a single page
>] (root.bbl
** WARNING: IEEEtran.bst: No hyphenation pattern has been
** loaded for the language `en'. Using the pattern for
** the default language instead.
** WARNING: IEEEtran.bst: No hyphenation pattern has been
** loaded for the language `en'. Using the pattern for
** the default language instead.
)

** Conference Paper **
Before submitting the final camera ready copy, remember to:

 1. Manually equalize the lengths of two columns on the last page
 of your paper;

 2. Ensure that any PostScript and/or PDF output post-processing
 uses only Type 1 fonts and that every step in the generation
 process uses the US letter (8.5in X 11in) paper size.

[6] (root.aux) ) 
Here is how much of TeX's memory you used:
 4721 strings out of 493323
 74164 string characters out of 3130014
 148091 words of memory out of 3000000
 8142 multiletter control sequences out of 15000+200000
 50969 words of font info for 113 fonts, out of 3000000 for 9000
 1141 hyphenation exceptions out of 8191
 39i,13n,39p,1796b,522s stack positions out of 5000i,500n,10000p,200000b,50000s
{C:/Users/ls769/AppData/Local/Programs/MiKTeX 2.9/fonts/enc/dvi
ps/base/8r.enc}<C:/Users/ls769/AppData/Local/Programs/MiKTeX 2.9/fonts/type1/pu
blic/amsfonts/cm/cmbx10.pfb><C:/Users/ls769/AppData/Local/Programs/MiKTeX 2.9/f
onts/type1/public/amsfonts/cm/cmbx9.pfb><C:/Users/ls769/AppData/Local/Programs/
MiKTeX 2.9/fonts/type1/public/amsfonts/cm/cmex10.pfb><C:/Users/ls769/AppData/Lo
cal/Programs/MiKTeX 2.9/fonts/type1/public/amsfonts/cm/cmmi10.pfb><C:/Users/ls7
69/AppData/Local/Programs/MiKTeX 2.9/fonts/type1/public/amsfonts/cm/cmmi7.pfb><
C:/Users/ls769/AppData/Local/Programs/MiKTeX 2.9/fonts/type1/public/amsfonts/cm
extra/cmmib9.pfb><C:/Users/ls769/AppData/Local/Programs/MiKTeX 2.9/fonts/type1/
public/amsfonts/cm/cmr10.pfb><C:/Users/ls769/AppData/Local/Programs/MiKTeX 2.9/
fonts/type1/public/amsfonts/cm/cmr6.pfb><C:/Users/ls769/AppData/Local/Programs/
MiKTeX 2.9/fonts/type1/public/amsfonts/cm/cmr7.pfb><C:/Users/ls769/AppData/Loca
l/Programs/MiKTeX 2.9/fonts/type1/public/amsfonts/cm/cmr8.pfb><C:/Users/ls769/A
ppData/Local/Programs/MiKTeX 2.9/fonts/type1/public/amsfonts/cm/cmsy10.pfb><C:/
Users/ls769/AppData/Local/Programs/MiKTeX 2.9/fonts/type1/public/amsfonts/cm/cm
sy7.pfb><C:/Users/ls769/AppData/Local/Programs/MiKTeX 2.9/fonts/type1/urw/couri
er/ucrr8a.pfb><C:/Users/ls769/AppData/Local/Programs/MiKTeX 2.9/fonts/type1/urw
/times/utmb8a.pfb><C:/Users/ls769/AppData/Local/Programs/MiKTeX 2.9/fonts/type1
/urw/times/utmbi8a.pfb><C:/Users/ls769/AppData/Local/Programs/MiKTeX 2.9/fonts/
type1/urw/times/utmr8a.pfb><C:/Users/ls769/AppData/Local/Programs/MiKTeX 2.9/fo
nts/type1/urw/times/utmri8a.pfb>
Output written on root.pdf (6 pages, 4842577 bytes).
PDF statistics:
 354 PDF objects out of 1000 (max. 8388607)
 0 named destinations out of 1000 (max. 500000)
 151 words of extra memory for PDF output out of 10000 (max. 10000000)

